{
  message: 'Listening at 4000',
  level: 'info',
  timestamp: '2022-04-04T21:26:42.534Z'
}
{
  message: 'URL: https://ethereal.email/message/Ykti9il.o.mu6mlQYkti-RxD1gdSSDdMAAAAAcVtfKjnQkn50brlNvvfrHw',
  level: 'info',
  timestamp: '2022-04-04T21:28:26.165Z'
}
{
  message: 'Listening at 4000',
  level: 'info',
  timestamp: '2022-04-04T21:57:12.086Z'
}
{
  message: 'Listening at 4000',
  level: 'info',
  timestamp: '2022-04-05T17:32:42.634Z'
}
{
  message: 'Listening at 4000',
  level: 'info',
  timestamp: '2022-04-05T17:58:18.165Z'
}
{
  message: 'Listening at 4000',
  level: 'info',
  timestamp: '2022-04-05T18:01:45.212Z'
}
{
  message: 'Listening at 4000',
  level: 'info',
  timestamp: '2022-04-05T18:02:22.605Z'
}
{
  message: 'Listening at 4000',
  level: 'info',
  timestamp: '2022-04-05T18:06:34.470Z'
}
{
  message: 'Listening at 4000',
  level: 'info',
  timestamp: '2022-04-05T18:10:08.849Z'
}
{
  message: 'Listening at 4000',
  level: 'info',
  timestamp: '2022-04-05T18:11:22.584Z'
}
{
  message: 'Listening at 4000',
  level: 'info',
  timestamp: '2022-04-05T18:12:17.265Z'
}
{
  message: 'Listening at 4000',
  level: 'info',
  timestamp: '2022-04-05T18:15:03.687Z'
}
{
  message: 'Listening at 4000',
  level: 'info',
  timestamp: '2022-04-05T18:16:23.732Z'
}
{
  message: 'Listening at 4000',
  level: 'info',
  timestamp: '2022-04-05T18:19:23.419Z'
}
{
  message: 'Listening at 4000',
  level: 'info',
  timestamp: '2022-04-05T18:22:03.601Z'
}
{
  message: 'Listening at 4000',
  level: 'info',
  timestamp: '2022-04-05T18:23:43.432Z'
}
{
  message: 'Listening at 4000',
  level: 'info',
  timestamp: '2022-04-05T18:24:07.975Z'
}
{
  message: 'Listening at 4000',
  level: 'info',
  timestamp: '2022-04-05T18:24:21.126Z'
}
{
  message: 'Listening at 4000',
  level: 'info',
  timestamp: '2022-04-05T18:24:27.559Z'
}
{
  message: 'Listening at 4000',
  level: 'info',
  timestamp: '2022-04-05T18:24:36.302Z'
}
{
  message: 'Listening at 4000',
  level: 'info',
  timestamp: '2022-04-05T18:26:09.189Z'
}
{
  message: 'Listening at 4000',
  level: 'info',
  timestamp: '2022-04-05T18:56:21.582Z'
}
{
  message: 'Listening at 4000',
  level: 'info',
  timestamp: '2022-04-05T19:07:09.997Z'
}
{
  message: 'Listening at 4000',
  level: 'info',
  timestamp: '2022-04-05T19:07:35.085Z'
}
{
  message: 'Listening at 4000',
  level: 'info',
  timestamp: '2022-04-05T19:08:02.247Z'
}
{
  message: 'Listening at 4000',
  level: 'info',
  timestamp: '2022-04-05T19:08:25.010Z'
}
{
  message: 'Listening at 4000',
  level: 'info',
  timestamp: '2022-04-05T19:10:32.897Z'
}
{
  message: 'Listening at 4000',
  level: 'info',
  timestamp: '2022-04-05T19:10:39.114Z'
}
{
  message: 'Listening at 4000',
  level: 'info',
  timestamp: '2022-04-05T19:13:15.282Z'
}
{
  message: 'Listening at 4000',
  level: 'info',
  timestamp: '2022-04-05T19:13:47.349Z'
}
{
  message: 'Listening at 4000',
  level: 'info',
  timestamp: '2022-04-06T10:18:10.264Z'
}
{
  message: 'Listening at 4000',
  level: 'info',
  timestamp: '2022-04-06T10:29:45.861Z'
}
{
  message: 'Listening at 4000',
  level: 'info',
  timestamp: '2022-04-06T10:30:32.748Z'
}
{
  message: 'Listening at 4000',
  level: 'info',
  timestamp: '2022-04-06T10:35:46.247Z'
}
{
  message: 'Listening at 4000',
  level: 'info',
  timestamp: '2022-04-06T10:35:53.832Z'
}
{
  message: 'Listening at 4000',
  level: 'info',
  timestamp: '2022-04-06T10:42:30.011Z'
}
{
  message: 'Listening at 4000',
  level: 'info',
  timestamp: '2022-04-06T10:50:41.174Z'
}
{
  message: 'Listening at 4000',
  level: 'info',
  timestamp: '2022-04-06T10:57:12.555Z'
}
{
  message: 'Listening at 4000',
  level: 'info',
  timestamp: '2022-04-06T10:57:49.655Z'
}
{
  message: 'Listening at 4000',
  level: 'info',
  timestamp: '2022-04-06T11:18:01.904Z'
}
{
  message: 'Listening at 4000',
  level: 'info',
  timestamp: '2022-04-06T11:18:50.504Z'
}
{
  message: "Cannot read property 'address' of null",
  level: 'error',
  timestamp: '2022-04-06T11:21:52.057Z'
}
{
  message: "Cannot read property 'address' of null",
  level: 'error',
  timestamp: '2022-04-06T11:23:36.869Z'
}
{
  message: "Cannot read property 'address' of null",
  level: 'error',
  timestamp: '2022-04-06T11:23:36.895Z'
}
{
  message: "Cannot read property 'address' of null",
  level: 'error',
  timestamp: '2022-04-06T11:23:57.274Z'
}
{
  message: "Cannot read property 'address' of null",
  level: 'error',
  timestamp: '2022-04-06T11:24:40.767Z'
}
{
  message: "Cannot read property 'address' of null",
  level: 'error',
  timestamp: '2022-04-06T11:24:43.646Z'
}
{
  message: 'Listening at 4000',
  level: 'info',
  timestamp: '2022-04-06T11:24:57.534Z'
}
{
  message: "Cannot read property 'city' of undefined",
  level: 'error',
  timestamp: '2022-04-06T11:33:05.244Z'
}
{
  message: "Cannot read property 'city' of undefined",
  level: 'error',
  timestamp: '2022-04-06T11:33:21.420Z'
}
{
  message: 'Listening at 4000',
  level: 'info',
  timestamp: '2022-04-06T11:33:49.967Z'
}
{
  message: "Cannot read property 'city' of undefined",
  level: 'error',
  timestamp: '2022-04-06T11:33:52.989Z'
}
{
  message: "Cannot read property 'city' of undefined",
  level: 'error',
  timestamp: '2022-04-06T11:34:53.261Z'
}
{
  message: 'Listening at 4000',
  level: 'info',
  timestamp: '2022-04-06T11:35:08.162Z'
}
{
  message: "Cannot read property 'city' of undefined",
  level: 'error',
  timestamp: '2022-04-06T11:35:12.051Z'
}
{
  message: 'Listening at 4000',
  level: 'info',
  timestamp: '2022-04-06T11:36:42.408Z'
}
{
  message: 'Listening at 4000',
  level: 'info',
  timestamp: '2022-04-06T11:37:02.944Z'
}
{
  message: 'Listening at 4000',
  level: 'info',
  timestamp: '2022-04-06T11:37:20.191Z'
}
{
  message: 'Listening at 4000',
  level: 'info',
  timestamp: '2022-04-06T11:37:35.322Z'
}
{
  message: 'Listening at 4000',
  level: 'info',
  timestamp: '2022-04-06T11:44:19.971Z'
}
{
  message: '\n' +
    'Invalid `SchoolServices.update()` invocation in\n' +
    '/home/enganderson/OneDrive/oriedu/api/src/api/controllers/SchoolControllers.ts:16:7\n' +
    '\n' +
    '  13 \n' +
    '  14 const data = req.body;\n' +
    '  15 \n' +
    '→ 16 await SchoolServices.update(userId, data)\n' +
    '  An operation failed because it depends on one or more records that were required but not found. Record to update not found.',
  level: 'error',
  timestamp: '2022-04-06T11:44:25.451Z'
}
{
  message: 'Listening at 4000',
  level: 'info',
  timestamp: '2022-04-06T11:45:00.176Z'
}
{
  message: 'Listening at 4000',
  level: 'info',
  timestamp: '2022-04-06T11:45:37.707Z'
}
{
  message: '\n' +
    'Invalid `SchoolServices.update()` invocation in\n' +
    '/home/enganderson/OneDrive/oriedu/api/src/api/controllers/SchoolControllers.ts:16:7\n' +
    '\n' +
    '  13 \n' +
    '  14 const data = req.body;\n' +
    '  15 \n' +
    '→ 16 await SchoolServices.update(userId, data)\n' +
    '  An operation failed because it depends on one or more records that were required but not found. Record to update not found.',
  level: 'error',
  timestamp: '2022-04-06T11:45:41.577Z'
}
{
  message: 'Listening at 4000',
  level: 'info',
  timestamp: '2022-04-06T11:46:43.913Z'
}
{
  message: 'Listening at 4000',
  level: 'info',
  timestamp: '2022-04-06T11:46:54.607Z'
}
{
  message: '\n' +
    'Invalid `SchoolServices.update()` invocation in\n' +
    '/home/enganderson/OneDrive/oriedu/api/src/api/controllers/SchoolControllers.ts:16:7\n' +
    '\n' +
    '  13 \n' +
    '  14 const data = req.body;\n' +
    '  15 \n' +
    '→ 16 await SchoolServices.update(userId, data){\n' +
    '       data: {\n' +
    '         address: {\n' +
    "           street: 'Rua Ratisbona',\n" +
    "           number: '8',\n" +
    "           district: 'Centro',\n" +
    "           zip: '63.160-000',\n" +
    "           state: 'CE',\n" +
    "           city: 'Crato'\n" +
    '         },\n' +
    '     +   city: String,\n' +
    "         cnpj: '00.000.000/0000-00',\n" +
    "         fantasia: 'Escola Tia Didi',\n" +
    '     ?   logo?: String | null,\n' +
    '     +   state: String,\n' +
    "         userId: 'a68ad65994d4c6ec32db1c19be586ae8971ae969db842a289607f9c3dd2f627f',\n" +
    '         ~~~~~~\n' +
    '     ?   id?: String,\n' +
    '     ?   contacts?: NullableJsonNullValueInput | Json,\n' +
    '     ?   school?: {\n' +
    '     ?     create?: ProfileCreateWithoutSchoolInput | ProfileUncheckedCreateWithoutSchoolInput,\n' +
    '     ?     connectOrCreate?: ProfileCreateOrConnectWithoutSchoolInput,\n' +
    '     ?     connect?: ProfileWhereUniqueInput\n' +
    '     ?   }\n' +
    '       }\n' +
    '     })\n' +
    '\n' +
    'Unknown arg `userId` in data.userId for type SchoolCreateInput. Did you mean `id`?\n' +
    'Argument city for data.city is missing.\n' +
    'Argument state for data.state is missing.\n' +
    '\n' +
    'Note: Lines with + are required, lines with ? are optional.\n',
  level: 'error',
  timestamp: '2022-04-06T11:46:59.903Z'
}
{
  message: 'Listening at 4000',
  level: 'info',
  timestamp: '2022-04-06T11:49:23.761Z'
}
{
  message: 'Listening at 4000',
  level: 'info',
  timestamp: '2022-04-06T11:49:58.434Z'
}
{
  message: 'Listening at 4000',
  level: 'info',
  timestamp: '2022-04-06T11:49:59.827Z'
}
{
  message: 'Listening at 4000',
  level: 'info',
  timestamp: '2022-04-06T11:50:13.464Z'
}
{
  message: 'Listening at 4000',
  level: 'info',
  timestamp: '2022-04-06T11:50:44.687Z'
}
{
  message: 'Listening at 4000',
  level: 'info',
  timestamp: '2022-04-06T11:51:06.206Z'
}
{
  message: 'Listening at 4000',
  level: 'info',
  timestamp: '2022-04-06T11:52:38.221Z'
}
{
  message: 'Listening at 4000',
  level: 'info',
  timestamp: '2022-04-06T11:52:45.938Z'
}
{
  message: '\n' +
    'Invalid `SchoolServices.update()` invocation in\n' +
    '/home/enganderson/OneDrive/oriedu/api/src/api/controllers/SchoolControllers.ts:16:7\n' +
    '\n' +
    '  13 \n' +
    '  14 const data = req.body;\n' +
    '  15 \n' +
    '→ 16 await SchoolServices.update(userId, data){\n' +
    '       data: {\n' +
    '         address: {\n' +
    "           street: 'Rua Ratisbona',\n" +
    "           number: '8',\n" +
    "           district: 'Centro',\n" +
    "           zip: '63.160-000',\n" +
    "           state: 'CE',\n" +
    "           city: 'Crato'\n" +
    '         },\n' +
    '     +   city: String,\n' +
    "         cnpj: '00.000.000/0000-00',\n" +
    "         fantasia: 'Escola Tia Didi',\n" +
    '     +   state: String,\n' +
    "         userId: 'a68ad65994d4c6ec32db1c19be586ae8971ae969db842a289607f9c3dd2f627f',\n" +
    '         ~~~~~~\n' +
    '     ?   id?: String,\n' +
    '     ?   logo?: String | null,\n' +
    '     ?   contacts?: NullableJsonNullValueInput | Json,\n' +
    '     ?   school?: {\n' +
    '     ?     create?: ProfileCreateWithoutSchoolInput | ProfileUncheckedCreateWithoutSchoolInput,\n' +
    '     ?     connectOrCreate?: ProfileCreateOrConnectWithoutSchoolInput,\n' +
    '     ?     connect?: ProfileWhereUniqueInput\n' +
    '     ?   }\n' +
    '       }\n' +
    '     })\n' +
    '\n' +
    'Unknown arg `userId` in data.userId for type SchoolCreateInput. Did you mean `id`?\n' +
    'Argument city for data.city is missing.\n' +
    'Argument state for data.state is missing.\n' +
    '\n' +
    'Note: Lines with + are required, lines with ? are optional.\n',
  level: 'error',
  timestamp: '2022-04-06T11:52:51.634Z'
}
{
  message: 'Listening at 4000',
  level: 'info',
  timestamp: '2022-04-06T11:53:23.118Z'
}
{
  message: '\n' +
    'Invalid `SchoolServices.update()` invocation in\n' +
    '/home/enganderson/OneDrive/oriedu/api/src/api/controllers/SchoolControllers.ts:16:7\n' +
    '\n' +
    '  13 \n' +
    '  14 const data = req.body;\n' +
    '  15 \n' +
    '→ 16 await SchoolServices.update(userId, data)\n' +
    '  Foreign key constraint failed on the field: `school_userId_fkey (index)`',
  level: 'error',
  timestamp: '2022-04-06T11:53:43.446Z'
}
{
  message: 'Listening at 4000',
  level: 'info',
  timestamp: '2022-04-06T11:55:44.085Z'
}
{
  message: 'Listening at 4000',
  level: 'info',
  timestamp: '2022-04-06T11:57:27.196Z'
}
{
  message: 'Listening at 4000',
  level: 'info',
  timestamp: '2022-04-06T11:58:35.484Z'
}
{
  message: 'Listening at 4000',
  level: 'info',
  timestamp: '2022-04-06T11:58:51.837Z'
}
